2023-01-28 15:27:27.403  INFO 3507 --- [restartedMain] s.g.g.GestionSecuriteApplication         : Starting GestionSecuriteApplication using Java 11.0.17 on mamadous-mbp.home with PID 3507 (/Users/mamadoubhoyediallo/Documents/Master-isi/Master2-2021-2022/javaEE/spring-boot/gestionSecurite/target/classes started by mamadoubhoyediallo in /Users/mamadoubhoyediallo/Documents/Master-isi/Master2-2021-2022/javaEE/spring-boot/gestionSecurite)
2023-01-28 15:27:27.447  INFO 3507 --- [restartedMain] s.g.g.GestionSecuriteApplication         : No active profile set, falling back to 1 default profile: "default"
2023-01-28 15:27:27.575  INFO 3507 --- [restartedMain] .e.DevToolsPropertyDefaultsPostProcessor : Devtools property defaults active! Set 'spring.devtools.add-properties' to 'false' to disable
2023-01-28 15:27:27.575  INFO 3507 --- [restartedMain] .e.DevToolsPropertyDefaultsPostProcessor : For additional web related logging consider setting the 'logging.level.web' property to 'DEBUG'
2023-01-28 15:27:29.095  INFO 3507 --- [restartedMain] .s.d.r.c.RepositoryConfigurationDelegate : Multiple Spring Data modules found, entering strict repository configuration mode
2023-01-28 15:27:29.096  INFO 3507 --- [restartedMain] .s.d.r.c.RepositoryConfigurationDelegate : Bootstrapping Spring Data JPA repositories in DEFAULT mode.
2023-01-28 15:27:29.229  INFO 3507 --- [restartedMain] .s.d.r.c.RepositoryConfigurationDelegate : Finished Spring Data repository scanning in 110 ms. Found 2 JPA repository interfaces.
2023-01-28 15:27:29.275  INFO 3507 --- [restartedMain] .s.d.r.c.RepositoryConfigurationDelegate : Multiple Spring Data modules found, entering strict repository configuration mode
2023-01-28 15:27:29.279  INFO 3507 --- [restartedMain] .s.d.r.c.RepositoryConfigurationDelegate : Bootstrapping Spring Data Redis repositories in DEFAULT mode.
2023-01-28 15:27:29.315  INFO 3507 --- [restartedMain] .RepositoryConfigurationExtensionSupport : Spring Data Redis - Could not safely identify store assignment for repository candidate interface sn.groupeisi.gestionsecurite.repositories.AppRoleRepository; If you want this repository to be a Redis repository, consider annotating your entities with one of these annotations: org.springframework.data.redis.core.RedisHash (preferred), or consider extending one of the following types with your repository: org.springframework.data.keyvalue.repository.KeyValueRepository
2023-01-28 15:27:29.316  INFO 3507 --- [restartedMain] .RepositoryConfigurationExtensionSupport : Spring Data Redis - Could not safely identify store assignment for repository candidate interface sn.groupeisi.gestionsecurite.repositories.AppUserRepository; If you want this repository to be a Redis repository, consider annotating your entities with one of these annotations: org.springframework.data.redis.core.RedisHash (preferred), or consider extending one of the following types with your repository: org.springframework.data.keyvalue.repository.KeyValueRepository
2023-01-28 15:27:29.316  INFO 3507 --- [restartedMain] .s.d.r.c.RepositoryConfigurationDelegate : Finished Spring Data repository scanning in 11 ms. Found 0 Redis repository interfaces.
2023-01-28 15:27:30.516  INFO 3507 --- [restartedMain] o.s.b.w.embedded.tomcat.TomcatWebServer  : Tomcat initialized with port(s): 9988 (http)
2023-01-28 15:27:30.527  INFO 3507 --- [restartedMain] o.apache.catalina.core.StandardService   : Starting service [Tomcat]
2023-01-28 15:27:30.528  INFO 3507 --- [restartedMain] org.apache.catalina.core.StandardEngine  : Starting Servlet engine: [Apache Tomcat/9.0.65]
2023-01-28 15:27:30.599  INFO 3507 --- [restartedMain] o.a.c.c.C.[Tomcat].[localhost].[/]       : Initializing Spring embedded WebApplicationContext
2023-01-28 15:27:30.599  INFO 3507 --- [restartedMain] w.s.c.ServletWebServerApplicationContext : Root WebApplicationContext: initialization completed in 3023 ms
2023-01-28 15:27:30.863  INFO 3507 --- [restartedMain] o.hibernate.jpa.internal.util.LogHelper  : HHH000204: Processing PersistenceUnitInfo [name: default]
2023-01-28 15:27:30.919  INFO 3507 --- [restartedMain] org.hibernate.Version                    : HHH000412: Hibernate ORM core version 5.6.11.Final
2023-01-28 15:27:31.084  INFO 3507 --- [restartedMain] o.hibernate.annotations.common.Version   : HCANN000001: Hibernate Commons Annotations {5.1.2.Final}
2023-01-28 15:27:31.200  INFO 3507 --- [restartedMain] com.zaxxer.hikari.HikariDataSource       : HikariPool-1 - Starting...
2023-01-28 15:27:31.662  INFO 3507 --- [restartedMain] com.zaxxer.hikari.HikariDataSource       : HikariPool-1 - Start completed.
2023-01-28 15:27:31.695  INFO 3507 --- [restartedMain] org.hibernate.dialect.Dialect            : HHH000400: Using dialect: org.hibernate.dialect.MySQL8Dialect
2023-01-28 15:27:31.758  WARN 3507 --- [restartedMain] org.hibernate.cfg.AnnotationBinder       : HHH000503: A class should not be annotated with both @Inheritance and @MappedSuperclass. @Inheritance will be ignored for: sn.groupeisi.gestionsecurite.entities.BaseEntity.
2023-01-28 15:27:32.873  INFO 3507 --- [restartedMain] o.h.e.t.j.p.i.JtaPlatformInitiator       : HHH000490: Using JtaPlatform implementation: [org.hibernate.engine.transaction.jta.platform.internal.NoJtaPlatform]
2023-01-28 15:27:32.882  INFO 3507 --- [restartedMain] j.LocalContainerEntityManagerFactoryBean : Initialized JPA EntityManagerFactory for persistence unit 'default'
2023-01-28 15:27:33.430  WARN 3507 --- [restartedMain] JpaBaseConfiguration$JpaWebConfiguration : spring.jpa.open-in-view is enabled by default. Therefore, database queries may be performed during view rendering. Explicitly configure spring.jpa.open-in-view to disable this warning
2023-01-28 15:27:34.187  INFO 3507 --- [restartedMain] o.s.b.d.a.OptionalLiveReloadServer       : LiveReload server is running on port 35729
2023-01-28 15:27:34.225  INFO 3507 --- [restartedMain] o.s.b.w.embedded.tomcat.TomcatWebServer  : Tomcat started on port(s): 9988 (http) with context path ''
2023-01-28 15:27:34.238  INFO 3507 --- [restartedMain] s.g.g.GestionSecuriteApplication         : Started GestionSecuriteApplication in 7.755 seconds (JVM running for 9.848)
2023-01-28 15:28:13.576  INFO 3507 --- [http-nio-9988-exec-1] o.a.c.c.C.[Tomcat].[localhost].[/]       : Initializing Spring DispatcherServlet 'dispatcherServlet'
2023-01-28 15:28:13.577  INFO 3507 --- [http-nio-9988-exec-1] o.s.web.servlet.DispatcherServlet        : Initializing Servlet 'dispatcherServlet'
2023-01-28 15:28:13.579  INFO 3507 --- [http-nio-9988-exec-1] o.s.web.servlet.DispatcherServlet        : Completed initialization in 2 ms
2023-01-28 15:37:52.165  INFO 3507 --- [SpringApplicationShutdownHook] j.LocalContainerEntityManagerFactoryBean : Closing JPA EntityManagerFactory for persistence unit 'default'
2023-01-28 15:37:52.177  INFO 3507 --- [SpringApplicationShutdownHook] com.zaxxer.hikari.HikariDataSource       : HikariPool-1 - Shutdown initiated...
2023-01-28 15:37:52.226  INFO 3507 --- [SpringApplicationShutdownHook] com.zaxxer.hikari.HikariDataSource       : HikariPool-1 - Shutdown completed.
2023-01-28 15:42:06.379  INFO 5072 --- [restartedMain] s.g.g.GestionSecuriteApplication         : Starting GestionSecuriteApplication using Java 11.0.17 on mamadous-mbp.home with PID 5072 (/Users/mamadoubhoyediallo/Documents/Master-isi/Master2-2021-2022/javaEE/spring-boot/gestionSecurite/target/classes started by mamadoubhoyediallo in /Users/mamadoubhoyediallo/Documents/Master-isi/Master2-2021-2022/javaEE/spring-boot/gestionSecurite)
2023-01-28 15:42:06.381  INFO 5072 --- [restartedMain] s.g.g.GestionSecuriteApplication         : No active profile set, falling back to 1 default profile: "default"
2023-01-28 15:42:06.438  INFO 5072 --- [restartedMain] .e.DevToolsPropertyDefaultsPostProcessor : Devtools property defaults active! Set 'spring.devtools.add-properties' to 'false' to disable
2023-01-28 15:42:06.439  INFO 5072 --- [restartedMain] .e.DevToolsPropertyDefaultsPostProcessor : For additional web related logging consider setting the 'logging.level.web' property to 'DEBUG'
2023-01-28 15:42:07.486  INFO 5072 --- [restartedMain] .s.d.r.c.RepositoryConfigurationDelegate : Multiple Spring Data modules found, entering strict repository configuration mode
2023-01-28 15:42:07.486  INFO 5072 --- [restartedMain] .s.d.r.c.RepositoryConfigurationDelegate : Bootstrapping Spring Data JPA repositories in DEFAULT mode.
2023-01-28 15:42:07.579  INFO 5072 --- [restartedMain] .s.d.r.c.RepositoryConfigurationDelegate : Finished Spring Data repository scanning in 80 ms. Found 2 JPA repository interfaces.
2023-01-28 15:42:07.601  INFO 5072 --- [restartedMain] .s.d.r.c.RepositoryConfigurationDelegate : Multiple Spring Data modules found, entering strict repository configuration mode
2023-01-28 15:42:07.603  INFO 5072 --- [restartedMain] .s.d.r.c.RepositoryConfigurationDelegate : Bootstrapping Spring Data Redis repositories in DEFAULT mode.
2023-01-28 15:42:07.628  INFO 5072 --- [restartedMain] .RepositoryConfigurationExtensionSupport : Spring Data Redis - Could not safely identify store assignment for repository candidate interface sn.groupeisi.gestionsecurite.repositories.AppRoleRepository; If you want this repository to be a Redis repository, consider annotating your entities with one of these annotations: org.springframework.data.redis.core.RedisHash (preferred), or consider extending one of the following types with your repository: org.springframework.data.keyvalue.repository.KeyValueRepository
2023-01-28 15:42:07.629  INFO 5072 --- [restartedMain] .RepositoryConfigurationExtensionSupport : Spring Data Redis - Could not safely identify store assignment for repository candidate interface sn.groupeisi.gestionsecurite.repositories.AppUserRepository; If you want this repository to be a Redis repository, consider annotating your entities with one of these annotations: org.springframework.data.redis.core.RedisHash (preferred), or consider extending one of the following types with your repository: org.springframework.data.keyvalue.repository.KeyValueRepository
2023-01-28 15:42:07.629  INFO 5072 --- [restartedMain] .s.d.r.c.RepositoryConfigurationDelegate : Finished Spring Data repository scanning in 11 ms. Found 0 Redis repository interfaces.
2023-01-28 15:42:08.549  INFO 5072 --- [restartedMain] o.s.b.w.embedded.tomcat.TomcatWebServer  : Tomcat initialized with port(s): 9988 (http)
2023-01-28 15:42:08.562  INFO 5072 --- [restartedMain] o.apache.catalina.core.StandardService   : Starting service [Tomcat]
2023-01-28 15:42:08.563  INFO 5072 --- [restartedMain] org.apache.catalina.core.StandardEngine  : Starting Servlet engine: [Apache Tomcat/9.0.65]
2023-01-28 15:42:08.638  INFO 5072 --- [restartedMain] o.a.c.c.C.[Tomcat].[localhost].[/]       : Initializing Spring embedded WebApplicationContext
2023-01-28 15:42:08.638  INFO 5072 --- [restartedMain] w.s.c.ServletWebServerApplicationContext : Root WebApplicationContext: initialization completed in 2199 ms
2023-01-28 15:42:08.779  INFO 5072 --- [restartedMain] o.hibernate.jpa.internal.util.LogHelper  : HHH000204: Processing PersistenceUnitInfo [name: default]
2023-01-28 15:42:08.835  INFO 5072 --- [restartedMain] org.hibernate.Version                    : HHH000412: Hibernate ORM core version 5.6.11.Final
2023-01-28 15:42:09.002  INFO 5072 --- [restartedMain] o.hibernate.annotations.common.Version   : HCANN000001: Hibernate Commons Annotations {5.1.2.Final}
2023-01-28 15:42:09.112  INFO 5072 --- [restartedMain] com.zaxxer.hikari.HikariDataSource       : HikariPool-1 - Starting...
2023-01-28 15:42:09.435  INFO 5072 --- [restartedMain] com.zaxxer.hikari.HikariDataSource       : HikariPool-1 - Start completed.
2023-01-28 15:42:09.458  INFO 5072 --- [restartedMain] org.hibernate.dialect.Dialect            : HHH000400: Using dialect: org.hibernate.dialect.MySQL8Dialect
2023-01-28 15:42:09.513  WARN 5072 --- [restartedMain] org.hibernate.cfg.AnnotationBinder       : HHH000503: A class should not be annotated with both @Inheritance and @MappedSuperclass. @Inheritance will be ignored for: sn.groupeisi.gestionsecurite.entities.BaseEntity.
2023-01-28 15:42:10.524  INFO 5072 --- [restartedMain] o.h.e.t.j.p.i.JtaPlatformInitiator       : HHH000490: Using JtaPlatform implementation: [org.hibernate.engine.transaction.jta.platform.internal.NoJtaPlatform]
2023-01-28 15:42:10.536  INFO 5072 --- [restartedMain] j.LocalContainerEntityManagerFactoryBean : Initialized JPA EntityManagerFactory for persistence unit 'default'
2023-01-28 15:42:11.006  WARN 5072 --- [restartedMain] JpaBaseConfiguration$JpaWebConfiguration : spring.jpa.open-in-view is enabled by default. Therefore, database queries may be performed during view rendering. Explicitly configure spring.jpa.open-in-view to disable this warning
2023-01-28 15:42:11.724  INFO 5072 --- [restartedMain] o.s.b.d.a.OptionalLiveReloadServer       : LiveReload server is running on port 35729
2023-01-28 15:42:11.757  INFO 5072 --- [restartedMain] o.s.b.w.embedded.tomcat.TomcatWebServer  : Tomcat started on port(s): 9988 (http) with context path ''
2023-01-28 15:42:11.769  INFO 5072 --- [restartedMain] s.g.g.GestionSecuriteApplication         : Started GestionSecuriteApplication in 5.985 seconds (JVM running for 6.981)
2023-01-28 15:42:21.485  INFO 5072 --- [http-nio-9988-exec-2] o.a.c.c.C.[Tomcat].[localhost].[/]       : Initializing Spring DispatcherServlet 'dispatcherServlet'
2023-01-28 15:42:21.486  INFO 5072 --- [http-nio-9988-exec-2] o.s.web.servlet.DispatcherServlet        : Initializing Servlet 'dispatcherServlet'
2023-01-28 15:42:21.487  INFO 5072 --- [http-nio-9988-exec-2] o.s.web.servlet.DispatcherServlet        : Completed initialization in 1 ms
2023-01-28 16:03:16.170  INFO 5072 --- [SpringApplicationShutdownHook] j.LocalContainerEntityManagerFactoryBean : Closing JPA EntityManagerFactory for persistence unit 'default'
2023-01-28 16:03:16.182  INFO 5072 --- [SpringApplicationShutdownHook] com.zaxxer.hikari.HikariDataSource       : HikariPool-1 - Shutdown initiated...
2023-01-28 16:03:16.206  INFO 5072 --- [SpringApplicationShutdownHook] com.zaxxer.hikari.HikariDataSource       : HikariPool-1 - Shutdown completed.
2023-01-28 16:03:34.026  INFO 7079 --- [restartedMain] s.g.g.GestionSecuriteApplication         : Starting GestionSecuriteApplication using Java 11.0.17 on mamadous-mbp.home with PID 7079 (/Users/mamadoubhoyediallo/Documents/Master-isi/Master2-2021-2022/javaEE/spring-boot/gestionSecurite/target/classes started by mamadoubhoyediallo in /Users/mamadoubhoyediallo/Documents/Master-isi/Master2-2021-2022/javaEE/spring-boot/gestionSecurite)
2023-01-28 16:03:34.028  INFO 7079 --- [restartedMain] s.g.g.GestionSecuriteApplication         : No active profile set, falling back to 1 default profile: "default"
2023-01-28 16:03:34.073  INFO 7079 --- [restartedMain] .e.DevToolsPropertyDefaultsPostProcessor : Devtools property defaults active! Set 'spring.devtools.add-properties' to 'false' to disable
2023-01-28 16:03:34.074  INFO 7079 --- [restartedMain] .e.DevToolsPropertyDefaultsPostProcessor : For additional web related logging consider setting the 'logging.level.web' property to 'DEBUG'
2023-01-28 16:03:34.963  INFO 7079 --- [restartedMain] .s.d.r.c.RepositoryConfigurationDelegate : Multiple Spring Data modules found, entering strict repository configuration mode
2023-01-28 16:03:34.963  INFO 7079 --- [restartedMain] .s.d.r.c.RepositoryConfigurationDelegate : Bootstrapping Spring Data JPA repositories in DEFAULT mode.
2023-01-28 16:03:35.045  INFO 7079 --- [restartedMain] .s.d.r.c.RepositoryConfigurationDelegate : Finished Spring Data repository scanning in 71 ms. Found 2 JPA repository interfaces.
2023-01-28 16:03:35.070  INFO 7079 --- [restartedMain] .s.d.r.c.RepositoryConfigurationDelegate : Multiple Spring Data modules found, entering strict repository configuration mode
2023-01-28 16:03:35.072  INFO 7079 --- [restartedMain] .s.d.r.c.RepositoryConfigurationDelegate : Bootstrapping Spring Data Redis repositories in DEFAULT mode.
2023-01-28 16:03:35.096  INFO 7079 --- [restartedMain] .RepositoryConfigurationExtensionSupport : Spring Data Redis - Could not safely identify store assignment for repository candidate interface sn.groupeisi.gestionsecurite.repositories.AppRoleRepository; If you want this repository to be a Redis repository, consider annotating your entities with one of these annotations: org.springframework.data.redis.core.RedisHash (preferred), or consider extending one of the following types with your repository: org.springframework.data.keyvalue.repository.KeyValueRepository
2023-01-28 16:03:35.097  INFO 7079 --- [restartedMain] .RepositoryConfigurationExtensionSupport : Spring Data Redis - Could not safely identify store assignment for repository candidate interface sn.groupeisi.gestionsecurite.repositories.AppUserRepository; If you want this repository to be a Redis repository, consider annotating your entities with one of these annotations: org.springframework.data.redis.core.RedisHash (preferred), or consider extending one of the following types with your repository: org.springframework.data.keyvalue.repository.KeyValueRepository
2023-01-28 16:03:35.097  INFO 7079 --- [restartedMain] .s.d.r.c.RepositoryConfigurationDelegate : Finished Spring Data repository scanning in 8 ms. Found 0 Redis repository interfaces.
2023-01-28 16:03:35.909  INFO 7079 --- [restartedMain] o.s.b.w.embedded.tomcat.TomcatWebServer  : Tomcat initialized with port(s): 9988 (http)
2023-01-28 16:03:35.921  INFO 7079 --- [restartedMain] o.apache.catalina.core.StandardService   : Starting service [Tomcat]
2023-01-28 16:03:35.922  INFO 7079 --- [restartedMain] org.apache.catalina.core.StandardEngine  : Starting Servlet engine: [Apache Tomcat/9.0.65]
2023-01-28 16:03:35.987  INFO 7079 --- [restartedMain] o.a.c.c.C.[Tomcat].[localhost].[/]       : Initializing Spring embedded WebApplicationContext
2023-01-28 16:03:35.988  INFO 7079 --- [restartedMain] w.s.c.ServletWebServerApplicationContext : Root WebApplicationContext: initialization completed in 1914 ms
2023-01-28 16:03:36.121  INFO 7079 --- [restartedMain] o.hibernate.jpa.internal.util.LogHelper  : HHH000204: Processing PersistenceUnitInfo [name: default]
2023-01-28 16:03:36.181  INFO 7079 --- [restartedMain] org.hibernate.Version                    : HHH000412: Hibernate ORM core version 5.6.11.Final
2023-01-28 16:03:36.309  INFO 7079 --- [restartedMain] o.hibernate.annotations.common.Version   : HCANN000001: Hibernate Commons Annotations {5.1.2.Final}
2023-01-28 16:03:36.400  INFO 7079 --- [restartedMain] com.zaxxer.hikari.HikariDataSource       : HikariPool-1 - Starting...
2023-01-28 16:03:36.706  INFO 7079 --- [restartedMain] com.zaxxer.hikari.HikariDataSource       : HikariPool-1 - Start completed.
2023-01-28 16:03:36.724  INFO 7079 --- [restartedMain] org.hibernate.dialect.Dialect            : HHH000400: Using dialect: org.hibernate.dialect.MySQL8Dialect
2023-01-28 16:03:36.768  WARN 7079 --- [restartedMain] org.hibernate.cfg.AnnotationBinder       : HHH000503: A class should not be annotated with both @Inheritance and @MappedSuperclass. @Inheritance will be ignored for: sn.groupeisi.gestionsecurite.entities.BaseEntity.
2023-01-28 16:03:37.462  INFO 7079 --- [restartedMain] o.h.e.t.j.p.i.JtaPlatformInitiator       : HHH000490: Using JtaPlatform implementation: [org.hibernate.engine.transaction.jta.platform.internal.NoJtaPlatform]
2023-01-28 16:03:37.470  INFO 7079 --- [restartedMain] j.LocalContainerEntityManagerFactoryBean : Initialized JPA EntityManagerFactory for persistence unit 'default'
2023-01-28 16:03:38.000  WARN 7079 --- [restartedMain] JpaBaseConfiguration$JpaWebConfiguration : spring.jpa.open-in-view is enabled by default. Therefore, database queries may be performed during view rendering. Explicitly configure spring.jpa.open-in-view to disable this warning
2023-01-28 16:03:39.123  INFO 7079 --- [restartedMain] o.s.b.d.a.OptionalLiveReloadServer       : LiveReload server is running on port 35729
2023-01-28 16:03:39.162  INFO 7079 --- [restartedMain] o.s.b.w.embedded.tomcat.TomcatWebServer  : Tomcat started on port(s): 9988 (http) with context path ''
2023-01-28 16:03:39.175  INFO 7079 --- [restartedMain] s.g.g.GestionSecuriteApplication         : Started GestionSecuriteApplication in 5.672 seconds (JVM running for 6.73)
2023-01-28 16:04:28.603  INFO 7079 --- [http-nio-9988-exec-1] o.a.c.c.C.[Tomcat].[localhost].[/]       : Initializing Spring DispatcherServlet 'dispatcherServlet'
2023-01-28 16:04:28.604  INFO 7079 --- [http-nio-9988-exec-1] o.s.web.servlet.DispatcherServlet        : Initializing Servlet 'dispatcherServlet'
2023-01-28 16:04:28.606  INFO 7079 --- [http-nio-9988-exec-1] o.s.web.servlet.DispatcherServlet        : Completed initialization in 2 ms
2023-01-28 16:04:29.486  INFO 7079 --- [http-nio-9988-exec-10] o.springdoc.api.AbstractOpenApiResource  : Init duration for springdoc-openapi is: 244 ms
2023-01-28 16:12:58.457  INFO 7079 --- [SpringApplicationShutdownHook] j.LocalContainerEntityManagerFactoryBean : Closing JPA EntityManagerFactory for persistence unit 'default'
2023-01-28 16:12:58.468  INFO 7079 --- [SpringApplicationShutdownHook] com.zaxxer.hikari.HikariDataSource       : HikariPool-1 - Shutdown initiated...
2023-01-28 16:12:58.504  INFO 7079 --- [SpringApplicationShutdownHook] com.zaxxer.hikari.HikariDataSource       : HikariPool-1 - Shutdown completed.
2023-01-28 16:13:19.124  INFO 8003 --- [restartedMain] s.g.g.GestionSecuriteApplication         : Starting GestionSecuriteApplication using Java 11.0.17 on mamadous-mbp.home with PID 8003 (/Users/mamadoubhoyediallo/Documents/Master-isi/Master2-2021-2022/javaEE/spring-boot/gestionSecurite/target/classes started by mamadoubhoyediallo in /Users/mamadoubhoyediallo/Documents/Master-isi/Master2-2021-2022/javaEE/spring-boot/gestionSecurite)
2023-01-28 16:13:19.126  INFO 8003 --- [restartedMain] s.g.g.GestionSecuriteApplication         : No active profile set, falling back to 1 default profile: "default"
2023-01-28 16:13:19.172  INFO 8003 --- [restartedMain] .e.DevToolsPropertyDefaultsPostProcessor : Devtools property defaults active! Set 'spring.devtools.add-properties' to 'false' to disable
2023-01-28 16:13:19.172  INFO 8003 --- [restartedMain] .e.DevToolsPropertyDefaultsPostProcessor : For additional web related logging consider setting the 'logging.level.web' property to 'DEBUG'
2023-01-28 16:13:20.069  INFO 8003 --- [restartedMain] .s.d.r.c.RepositoryConfigurationDelegate : Multiple Spring Data modules found, entering strict repository configuration mode
2023-01-28 16:13:20.069  INFO 8003 --- [restartedMain] .s.d.r.c.RepositoryConfigurationDelegate : Bootstrapping Spring Data JPA repositories in DEFAULT mode.
2023-01-28 16:13:20.143  INFO 8003 --- [restartedMain] .s.d.r.c.RepositoryConfigurationDelegate : Finished Spring Data repository scanning in 63 ms. Found 2 JPA repository interfaces.
2023-01-28 16:13:20.166  INFO 8003 --- [restartedMain] .s.d.r.c.RepositoryConfigurationDelegate : Multiple Spring Data modules found, entering strict repository configuration mode
2023-01-28 16:13:20.168  INFO 8003 --- [restartedMain] .s.d.r.c.RepositoryConfigurationDelegate : Bootstrapping Spring Data Redis repositories in DEFAULT mode.
2023-01-28 16:13:20.246  INFO 8003 --- [restartedMain] .RepositoryConfigurationExtensionSupport : Spring Data Redis - Could not safely identify store assignment for repository candidate interface sn.groupeisi.gestionsecurite.repositories.AppRoleRepository; If you want this repository to be a Redis repository, consider annotating your entities with one of these annotations: org.springframework.data.redis.core.RedisHash (preferred), or consider extending one of the following types with your repository: org.springframework.data.keyvalue.repository.KeyValueRepository
2023-01-28 16:13:20.249  INFO 8003 --- [restartedMain] .RepositoryConfigurationExtensionSupport : Spring Data Redis - Could not safely identify store assignment for repository candidate interface sn.groupeisi.gestionsecurite.repositories.AppUserRepository; If you want this repository to be a Redis repository, consider annotating your entities with one of these annotations: org.springframework.data.redis.core.RedisHash (preferred), or consider extending one of the following types with your repository: org.springframework.data.keyvalue.repository.KeyValueRepository
2023-01-28 16:13:20.250  INFO 8003 --- [restartedMain] .s.d.r.c.RepositoryConfigurationDelegate : Finished Spring Data repository scanning in 24 ms. Found 0 Redis repository interfaces.
2023-01-28 16:13:21.018  INFO 8003 --- [restartedMain] o.s.b.w.embedded.tomcat.TomcatWebServer  : Tomcat initialized with port(s): 9988 (http)
2023-01-28 16:13:21.027  INFO 8003 --- [restartedMain] o.apache.catalina.core.StandardService   : Starting service [Tomcat]
2023-01-28 16:13:21.027  INFO 8003 --- [restartedMain] org.apache.catalina.core.StandardEngine  : Starting Servlet engine: [Apache Tomcat/9.0.65]
2023-01-28 16:13:21.089  INFO 8003 --- [restartedMain] o.a.c.c.C.[Tomcat].[localhost].[/]       : Initializing Spring embedded WebApplicationContext
2023-01-28 16:13:21.090  INFO 8003 --- [restartedMain] w.s.c.ServletWebServerApplicationContext : Root WebApplicationContext: initialization completed in 1917 ms
2023-01-28 16:13:21.215  INFO 8003 --- [restartedMain] o.hibernate.jpa.internal.util.LogHelper  : HHH000204: Processing PersistenceUnitInfo [name: default]
2023-01-28 16:13:21.262  INFO 8003 --- [restartedMain] org.hibernate.Version                    : HHH000412: Hibernate ORM core version 5.6.11.Final
2023-01-28 16:13:21.393  INFO 8003 --- [restartedMain] o.hibernate.annotations.common.Version   : HCANN000001: Hibernate Commons Annotations {5.1.2.Final}
2023-01-28 16:13:21.478  INFO 8003 --- [restartedMain] com.zaxxer.hikari.HikariDataSource       : HikariPool-1 - Starting...
2023-01-28 16:13:21.765  INFO 8003 --- [restartedMain] com.zaxxer.hikari.HikariDataSource       : HikariPool-1 - Start completed.
2023-01-28 16:13:21.794  INFO 8003 --- [restartedMain] org.hibernate.dialect.Dialect            : HHH000400: Using dialect: org.hibernate.dialect.MySQL8Dialect
2023-01-28 16:13:21.841  WARN 8003 --- [restartedMain] org.hibernate.cfg.AnnotationBinder       : HHH000503: A class should not be annotated with both @Inheritance and @MappedSuperclass. @Inheritance will be ignored for: sn.groupeisi.gestionsecurite.entities.BaseEntity.
2023-01-28 16:13:22.530  INFO 8003 --- [restartedMain] o.h.e.t.j.p.i.JtaPlatformInitiator       : HHH000490: Using JtaPlatform implementation: [org.hibernate.engine.transaction.jta.platform.internal.NoJtaPlatform]
2023-01-28 16:13:22.542  INFO 8003 --- [restartedMain] j.LocalContainerEntityManagerFactoryBean : Initialized JPA EntityManagerFactory for persistence unit 'default'
2023-01-28 16:13:23.047  WARN 8003 --- [restartedMain] JpaBaseConfiguration$JpaWebConfiguration : spring.jpa.open-in-view is enabled by default. Therefore, database queries may be performed during view rendering. Explicitly configure spring.jpa.open-in-view to disable this warning
2023-01-28 16:13:24.141  INFO 8003 --- [restartedMain] o.s.b.d.a.OptionalLiveReloadServer       : LiveReload server is running on port 35729
2023-01-28 16:13:24.179  INFO 8003 --- [restartedMain] o.s.b.w.embedded.tomcat.TomcatWebServer  : Tomcat started on port(s): 9988 (http) with context path ''
2023-01-28 16:13:24.193  INFO 8003 --- [restartedMain] s.g.g.GestionSecuriteApplication         : Started GestionSecuriteApplication in 5.698 seconds (JVM running for 6.641)
2023-01-28 16:16:41.730  INFO 8003 --- [SpringApplicationShutdownHook] j.LocalContainerEntityManagerFactoryBean : Closing JPA EntityManagerFactory for persistence unit 'default'
2023-01-28 16:16:41.735  INFO 8003 --- [SpringApplicationShutdownHook] com.zaxxer.hikari.HikariDataSource       : HikariPool-1 - Shutdown initiated...
2023-01-28 16:16:41.756  INFO 8003 --- [SpringApplicationShutdownHook] com.zaxxer.hikari.HikariDataSource       : HikariPool-1 - Shutdown completed.
